21:41:47.181 Explorer: org.json.JSONException: JSONObject["cost"] is not an int.
21:41:47.185 Explorer: Results Echo : found OUT_OF_RANGE, distance : 0
21:41:47.186 Explorer: Results Echo : found OUT_OF_RANGE, distance : 0
21:41:47.187 Explorer: Results Echo : found GROUND, distance : 1
21:41:47.188 Explorer: Action Echo : direction NORTH
21:41:47.188 Explorer: Action Echo : direction SOUTH
21:41:47.213 Explorer: Results Exploit : amount 9
21:41:47.214 Explorer: Action Exploit : resource WOOD
21:41:47.215 Explorer: Action Exploit : resource FUR
21:41:47.226 Explorer: Results Explore :
21:41:47.227 Explorer: Resource(s) Resource: FUR, amount: HIGH, condition: FAIR
21:41:47.227 Explorer: Resource(s) Resource: WOOD, amount: LOW, condition: HARSH
21:41:47.228 Explorer: Creek(s) : 43e3eb42-50f0-47c5-afa3-16cd3d50faff
21:41:47.230 Explorer: Results Explore :
21:41:47.230 Explorer: Site(s) : 43e3eb42-50f0-47c5-afa3-16cd3d50faff
21:41:47.230 Explorer: Results Explore :
21:41:47.231 Explorer: Resource(s) Resource: FISH, amount: HIGH, condition: FAIR
21:41:47.231 Explorer: Site(s) : 43e3eb42-50f0-47c5-afa3-16cd3d50faff
21:41:47.231 Explorer: Results Explore :
21:41:47.232 Explorer: Resource(s) Resource: FUR, amount: HIGH, condition: FAIR
21:41:47.232 Explorer: Resource(s) Resource: WOOD, amount: LOW, condition: HARSH
21:41:47.232 Explorer: Site(s) : 43e3eb42-50f0-47c5-afa3-16cd3d50faff
21:41:47.232 Explorer: Action Explore
21:41:47.236 Explorer: Results Explore :
21:41:47.236 Explorer: Resource(s) Resource: FUR, amount: HIGH, condition: FAIR
21:41:47.236 Explorer: Resource(s) Resource: WOOD, amount: LOW, condition: HARSH
21:41:47.236 Explorer: Site(s) : 43e3eb42-50f0-47c5-afa3-16cd3d50faff
21:41:47.238 Explorer: Action Fly
21:41:47.244 Explorer: Action Glimpse : direction SOUTH, range 3
21:41:47.246 Explorer: Results Glimpse : 
21:41:47.252 Explorer: Distance 1  : OCEAN, 70.2%
21:41:47.252 Explorer: Distance 1  : LAKE, 29.8%
21:41:47.253 Explorer: Results Glimpse : 
21:41:47.254 Explorer: Distance 1  : OCEAN, 40.65%
21:41:47.254 Explorer: Distance 1  : BEACH, 59.35%
21:41:47.254 Explorer: Distance 2  : OCEAN, 100.0%
21:41:47.255 Explorer: Results Glimpse : 
21:41:47.255 Explorer: Distance 1  : OCEAN, 40.65%
21:41:47.255 Explorer: Distance 1  : BEACH, 59.35%
21:41:47.255 Explorer: Distance 2  : OCEAN, 100.0%
21:41:47.255 Explorer: Distance 3  : TAIGA, -1.0%
21:41:47.256 Explorer: Distance 3  : TUNDRA, -1.0%
21:41:47.256 Explorer: Results Glimpse : 
21:41:47.257 Explorer: Distance 1  : OCEAN, 40.65%
21:41:47.257 Explorer: Distance 1  : BEACH, 59.35%
21:41:47.257 Explorer: Distance 2  : OCEAN, 100.0%
21:41:47.257 Explorer: Distance 3  : TAIGA, -1.0%
21:41:47.257 Explorer: Distance 3  : TUNDRA, -1.0%
21:41:47.257 Explorer: Distance 4  : GLACIER, -1.0%
21:41:47.258 Explorer: Action Glimpse : direction NORTH, range 4
21:41:47.261 Explorer: Action Heading : direction NORTH
21:41:47.262 Explorer: Action Heading : direction SOUTH
21:41:47.270 Explorer: Action Land : creek creekId with 12 sailors
21:41:47.272 Explorer: Action Land : creek creekId_2 with 42 sailors
21:41:47.276 Explorer: Action Move : direction NORTH
21:41:47.276 Explorer: Action Move : direction SOUTH
21:41:47.284 Explorer: Results Scan :
21:41:47.286 Explorer: Biomes : BEACH
21:41:47.286 Explorer: Biomes : OCEAN
21:41:47.287 Explorer: Site : 276bdc0a-5853-4325-8321-f62ab2d2b389
21:41:47.288 Explorer: Results Scan :
21:41:47.288 Explorer: Biomes : GLACIER
21:41:47.288 Explorer: Biomes : ALPINE
21:41:47.289 Explorer: Results Scan :
21:41:47.289 Explorer: Biomes : OCEAN
21:41:47.289 Explorer: Site : 276bdc0a-5853-4325-8321-f62ab2d2b389
21:41:47.290 Explorer: Results Scan :
21:41:47.290 Explorer: Biomes : BEACH
21:41:47.290 Explorer: Biomes : MANGROVE
21:41:47.291 Explorer: Site : 276bdc0a-5853-4325-8321-f62ab2d2b389
21:41:47.294 Explorer: Results Scan :
21:41:47.295 Explorer: Biomes : BEACH
21:41:47.295 Explorer: Site : 276bdc0a-5853-4325-8321-f62ab2d2b389
21:41:47.295 Explorer: Action Scan
21:41:47.296 Explorer: Results Scan :
21:41:47.296 Explorer: Biomes : BEACH
21:41:47.296 Explorer: Biomes : MANGROVE
21:41:47.297 Explorer: Results Scan :
21:41:47.297 Explorer: Biomes : MANGROVE
21:41:47.297 Explorer: Biomes : OCEAN
21:41:47.297 Explorer: Creek : d51b00e3-c3bf-428c-87f4-716dcd4e3cc3
21:41:47.303 Explorer: Results Scout : altitude 1, resources : [FUR, WOOD]
21:41:47.304 Explorer: Results Scout : altitude 1, resources : [FISH]
21:41:47.304 Explorer: Results Scout : altitude 1, resources : [FUR, WOOD, FISH]
21:41:47.305 Explorer: Results Scout : altitude 1, resources : [FUR, WOOD, FISH]
21:41:47.305 Explorer: Results Scout : altitude 1, resources : [FUR, WOOD, FISH]
21:41:47.306 Explorer: Results Scout : altitude 1, resources : [FUR, FISH]
21:41:47.309 Explorer: Results Scout : altitude 1, resources : [FUR, WOOD]
21:41:47.309 Explorer: Action Scout : direction NORTH
21:41:47.310 Explorer: Action Scout : direction SOUTH
21:41:47.314 Explorer: Action Stop
21:41:47.355 Explorer: Results Transform : GLASS: 5
21:41:47.356 Explorer: Action Transform : resources {WOOD=3}
21:41:47.360 Explorer: Action Transform : resources {QUARTZ=10, WOOD=5}
21:41:47.366 Explorer: Results Scan :
21:41:47.366 Explorer: Biomes : OCEAN
21:41:47.366 Explorer: Site : 276bdc0a-5853-4325-8321-f62ab2d2b389
21:41:47.367 Explorer: Results Echo : found GROUND, distance : 20
21:41:47.368 Explorer: Results Echo : found GROUND, distance : 10
21:41:47.372 Explorer: Error while computing lastScanOverOcean : java.lang.IndexOutOfBoundsException: Indexed access out of bounds: -1, 0
21:41:47.373 Explorer: Error while computing goingRight : java.lang.IndexOutOfBoundsException: Indexed access out of bounds: -3, 0
21:41:47.374 Explorer: Error while computing shouldTurn : java.lang.IndexOutOfBoundsException: Indexed access out of bounds: -3, 6
21:41:47.374 Explorer: Error while computing shouldTurn : java.lang.IndexOutOfBoundsException: Indexed access out of bounds: -2, 6
21:41:47.374 Explorer: Error while computing shouldTurn : java.lang.IndexOutOfBoundsException: Indexed access out of bounds: -1, 6
21:41:47.376 Explorer: Error while computing shouldTurn : java.lang.IndexOutOfBoundsException: Indexed access out of bounds: -3, 6
21:41:47.376 Explorer: Error while computing shouldTurn : java.lang.IndexOutOfBoundsException: Indexed access out of bounds: -2, 6
21:41:47.377 Explorer: Error while computing shouldTurn : java.lang.IndexOutOfBoundsException: Indexed access out of bounds: -1, 6
21:41:47.377 Explorer: Error while computing shouldTurn : java.lang.IndexOutOfBoundsException: Indexed access out of bounds: -2, 6
21:41:47.378 Explorer: Error while computing shouldTurn : java.lang.IndexOutOfBoundsException: Indexed access out of bounds: -3, 6
21:41:47.378 Explorer: Error while computing shouldTurn : java.lang.IndexOutOfBoundsException: Indexed access out of bounds: -2, 6
21:41:47.378 Explorer: Error while computing shouldTurn : java.lang.IndexOutOfBoundsException: Indexed access out of bounds: -1, 6
21:41:47.380 Explorer: Results Echo : found GROUND, distance : 10
21:41:47.382 Explorer: Results Echo : found GROUND, distance : 10
21:41:47.382 Explorer: Results Echo : found GROUND, distance : 20
21:41:47.383 Explorer: Results Scan :
21:41:47.383 Explorer: Biomes : TUNDRA
21:41:47.383 Explorer: Site : 276bdc0a-5853-4325-8321-f62ab2d2b389
21:41:47.408 Explorer: Drone position : 0, 0
21:41:47.416 Explorer: Error while computing goingRight : java.lang.IndexOutOfBoundsException: Indexed access out of bounds: -2, 3
21:41:47.425 Explorer: Error while computing shouldTurn : java.lang.IndexOutOfBoundsException: Indexed access out of bounds: -3, 3
21:41:47.454 Explorer: Results Echo : found GROUND, distance : 10
21:41:47.459 Explorer: Results Echo : found OUT_OF_RANGE, distance : 10
21:41:47.460 Explorer: Results Echo : found OUT_OF_RANGE, distance : 10
21:41:47.463 Explorer: Results Echo : found GROUND, distance : 1
21:41:47.464 Explorer: Results Echo : found OUT_OF_RANGE, distance : 10
21:41:47.465 Explorer: Results Echo : found GROUND, distance : 10
21:41:47.486 Explorer: Drone position : 1, -1
21:41:47.487 Explorer: Results Scan :
21:41:47.487 Explorer: Biomes : BEACH
21:41:47.487 Explorer: Creek : id
21:41:47.487 Explorer: Site : id
21:41:47.492 Explorer: Drone position : 0, 0
21:41:47.493 Explorer: Results Echo : found GROUND, distance : 10
21:41:47.493 Explorer: Drone position : 0, 0
21:41:47.494 Explorer: Results Echo : found GROUND, distance : 10
21:41:47.494 Explorer: Results Echo : found GROUND, distance : 10
21:41:47.494 Explorer: Results Echo : found GROUND, distance : 10
21:41:47.494 Explorer: Drone position : 1, 0
21:41:47.503 Explorer: org.json.JSONException: A JSONObject text must begin with '{' at 0 [character 1 line 1]
21:41:47.507 Explorer: org.json.JSONException: A JSONObject text must begin with '{' at 0 [character 1 line 1]
21:41:47.509 Explorer: org.json.JSONException: A JSONObject text must begin with '{' at 0 [character 1 line 1]
21:41:47.554 Explorer: Error while computing nearestFromCell: java.lang.IndexOutOfBoundsException: Indexed access out of bounds: 0, 0
21:41:47.558 Explorer: No more resource area to exploit... :(
21:41:47.576 Explorer: New zone to exploit, go on : 0, 0
21:41:47.596 Explorer: Old phase : Initial land. New phase : Moving or exploring
21:41:47.598 Explorer: Sailors cellPosition : 0, 0
21:41:47.598 Explorer: Sailors subPosition : fr.unice.polytech.si3.qgl.isg.map.SailorsSubPosition@7164ca4c
21:41:47.599 Explorer: Resources inventory: []
21:41:47.599 Explorer: Resources needed: {WOOD=2}
21:41:47.600 Explorer: Manufactured inventory : []
21:41:47.600 Explorer: Manufactured needed : {}
21:41:47.602 Explorer: Old phase : Initial land. New phase : Moving or exploring
21:41:47.602 Explorer: Sailors cellPosition : 0, 0
21:41:47.603 Explorer: Sailors subPosition : fr.unice.polytech.si3.qgl.isg.map.SailorsSubPosition@68702e03
21:41:47.603 Explorer: Resources inventory: []
21:41:47.603 Explorer: Resources needed: {WOOD=2}
21:41:47.603 Explorer: Manufactured inventory : []
21:41:47.603 Explorer: Manufactured needed : {}
21:41:47.603 Explorer: Results Explore :
21:41:47.603 Explorer: Resource(s) Resource: WOOD, amount: HIGH, condition: FAIR
21:41:47.604 Explorer: Sailors cellPosition : 0, 0
21:41:47.604 Explorer: Sailors subPosition : fr.unice.polytech.si3.qgl.isg.map.SailorsSubPosition@68702e03
21:41:47.604 Explorer: Resources inventory: []
21:41:47.604 Explorer: Resources needed: {WOOD=2}
21:41:47.604 Explorer: Manufactured inventory : []
21:41:47.604 Explorer: Manufactured needed : {}
21:41:47.604 Explorer: Old phase : Moving or exploring. New phase : Changing exploit zone
21:41:47.604 Explorer: New zone to exploit, go on : 0, 1
21:41:47.605 Explorer: Old phase : Changing exploit zone. New phase : Move between cells
21:41:47.606 Explorer: Sailors cellPosition : 0, 0
21:41:47.607 Explorer: Sailors subPosition : fr.unice.polytech.si3.qgl.isg.map.SailorsSubPosition@68702e03
21:41:47.607 Explorer: Resources inventory: []
21:41:47.607 Explorer: Resources needed: {WOOD=2}
21:41:47.607 Explorer: Manufactured inventory : []
21:41:47.607 Explorer: Manufactured needed : {}
21:41:47.607 Explorer: Sailors cellPosition : 0, 0
21:41:47.607 Explorer: Sailors subPosition : fr.unice.polytech.si3.qgl.isg.map.SailorsSubPosition@68702e03
21:41:47.608 Explorer: Resources inventory: []
21:41:47.608 Explorer: Resources needed: {WOOD=2}
21:41:47.608 Explorer: Manufactured inventory : []
21:41:47.608 Explorer: Manufactured needed : {}
21:41:47.608 Explorer: Sailors cellPosition : 0, 1
21:41:47.608 Explorer: Sailors subPosition : fr.unice.polytech.si3.qgl.isg.map.SailorsSubPosition@68702e03
21:41:47.608 Explorer: Resources inventory: []
21:41:47.608 Explorer: Resources needed: {WOOD=2}
21:41:47.609 Explorer: Manufactured inventory : []
21:41:47.609 Explorer: Manufactured needed : {}
21:41:47.609 Explorer: Old phase : Move between cells. New phase : Moving or exploring
21:41:47.609 Explorer: Sailors cellPosition : 0, 1
21:41:47.609 Explorer: Sailors subPosition : fr.unice.polytech.si3.qgl.isg.map.SailorsSubPosition@68702e03
21:41:47.609 Explorer: Resources inventory: []
21:41:47.609 Explorer: Resources needed: {WOOD=2}
21:41:47.609 Explorer: Manufactured inventory : []
21:41:47.610 Explorer: Manufactured needed : {}
21:41:47.610 Explorer: Sailors cellPosition : 0, 1
21:41:47.610 Explorer: Sailors subPosition : fr.unice.polytech.si3.qgl.isg.map.SailorsSubPosition@68702e03
21:41:47.610 Explorer: Resources inventory: []
21:41:47.610 Explorer: Resources needed: {WOOD=2}
21:41:47.610 Explorer: Manufactured inventory : []
21:41:47.610 Explorer: Manufactured needed : {}
21:41:47.611 Explorer: Sailors cellPosition : 0, 1
21:41:47.611 Explorer: Sailors subPosition : fr.unice.polytech.si3.qgl.isg.map.SailorsSubPosition@68702e03
21:41:47.611 Explorer: Resources inventory: []
21:41:47.611 Explorer: Resources needed: {WOOD=2}
21:41:47.611 Explorer: Manufactured inventory : []
21:41:47.611 Explorer: Manufactured needed : {}
21:41:47.613 Explorer: org.json.JSONException: A JSONObject text must begin with '{' at 0 [character 1 line 1]
21:41:47.614 Explorer: org.json.JSONException: Missing value at 12 [character 9 line 2]
21:41:47.614 Explorer: org.json.JSONException: A JSONObject text must begin with '{' at 0 [character 1 line 1]
21:41:47.614 Explorer: java.util.EmptyStackException
21:41:47.615 Explorer: org.json.JSONException: A JSONObject text must begin with '{' at 0 [character 1 line 1]
21:41:47.617 Explorer: org.json.JSONException: A JSONObject text must begin with '{' at 0 [character 1 line 1]
21:41:47.617 Explorer: org.json.JSONException: A JSONObject text must begin with '{' at 0 [character 1 line 1]
21:41:47.618 Explorer: org.json.JSONException: A JSONObject text must begin with '{' at 0 [character 1 line 1]
21:41:47.618 Explorer: org.json.JSONException: Missing value at 12 [character 9 line 2]
21:41:47.618 Explorer: org.json.JSONException: A JSONObject text must begin with '{' at 0 [character 1 line 1]
21:41:47.618 Explorer: org.json.JSONException: JSONObject["men"] is not an int.
21:41:47.619 Explorer: org.json.JSONException: A JSONObject text must begin with '{' at 0 [character 1 line 1]
21:41:47.619 Explorer: org.json.JSONException: A JSONObject text must begin with '{' at 0 [character 1 line 1]
21:41:47.619 Explorer: java.util.EmptyStackException
21:41:47.620 Explorer: org.json.JSONException: A JSONObject text must begin with '{' at 0 [character 1 line 1]
21:41:47.620 Explorer: org.json.JSONException: A JSONObject text must begin with '{' at 0 [character 1 line 1]
21:41:47.620 Explorer: org.json.JSONException: Missing value at 12 [character 9 line 2]
21:41:47.621 Explorer: org.json.JSONException: A JSONObject text must begin with '{' at 0 [character 1 line 1]
21:41:47.621 Explorer: org.json.JSONException: A JSONObject text must begin with '{' at 0 [character 1 line 1]
21:41:47.621 Explorer: org.json.JSONException: A JSONObject text must begin with '{' at 0 [character 1 line 1]
21:41:47.621 Explorer: org.json.JSONException: A JSONObject text must begin with '{' at 0 [character 1 line 1]
21:41:47.622 Explorer: org.json.JSONException: JSONObject["budget"] is not an int.
21:41:47.622 Explorer: org.json.JSONException: A JSONObject text must begin with '{' at 0 [character 1 line 1]
21:41:47.623 Explorer: org.json.JSONException: A JSONObject text must begin with '{' at 0 [character 1 line 1]
21:41:47.623 Explorer: org.json.JSONException: A JSONObject text must begin with '{' at 0 [character 1 line 1]
21:41:47.623 Explorer: java.util.EmptyStackException
21:41:47.625 Explorer: org.json.JSONException: A JSONObject text must begin with '{' at 0 [character 1 line 1]
21:41:47.626 Explorer: org.json.JSONException: A JSONObject text must begin with '{' at 0 [character 1 line 1]
21:41:47.626 Explorer: java.util.EmptyStackException
21:41:47.626 Explorer: org.json.JSONException: A JSONObject text must begin with '{' at 0 [character 1 line 1]
21:41:47.627 Explorer: org.json.JSONException: A JSONObject text must begin with '{' at 0 [character 1 line 1]
21:41:47.627 Explorer: org.json.JSONException: A JSONObject text must begin with '{' at 0 [character 1 line 1]
21:41:47.627 Explorer: org.json.JSONException: A JSONObject text must begin with '{' at 0 [character 1 line 1]
21:41:47.628 Explorer: org.json.JSONException: A JSONObject text must begin with '{' at 0 [character 1 line 1]
21:41:47.628 Explorer: org.json.JSONException: Missing value at 12 [character 9 line 2]
21:41:48.418 Explorer: Initializing the Explorer
21:41:48.419 Explorer: Contract: {"men": 12, "budget": 10000,"contracts": [ { "amount": 600, "resource": "WOOD" }, { "amount": 200, "resource": "GLASS" }], "heading": "W" }
21:41:48.420 Explorer: 
21:41:48.420 Explorer: Taking a decision now
21:41:48.476 Explorer: Old phase : Initial echo. New phase : Search a direction
21:41:48.476 Explorer: Action Echo : direction SOUTH
21:41:48.477 Explorer: Error in acknowledgeResults : org.json.JSONException: Expected a ',' or '}' at 123 [character 3 line 9]
21:41:48.478 Explorer: org.json.JSONTokener.syntaxError(JSONTokener.java:505)
21:41:48.478 Explorer: org.json.JSONObject.<init>(JSONObject.java:263)
21:41:48.478 Explorer: org.json.JSONObject.<init>(JSONObject.java:357)
21:41:48.478 Explorer: fr.unice.polytech.si3.qgl.isg.Explorer.acknowledgeResults(Explorer.java:91)
21:41:48.478 Explorer: fr.unice.polytech.si3.qgl.isg.Explorer$MockitoMock$269727228.acknowledgeResults$accessor$cMPVtamG(Unknown Source)
21:41:48.478 Explorer: fr.unice.polytech.si3.qgl.isg.Explorer$MockitoMock$269727228$auxiliary$dooJ5KEJ.call(Unknown Source)
21:41:48.478 Explorer: org.mockito.internal.invocation.RealMethod$FromCallable$1.call(RealMethod.java:40)
21:41:48.479 Explorer: org.mockito.internal.invocation.RealMethod$FromBehavior.invoke(RealMethod.java:62)
21:41:48.479 Explorer: org.mockito.internal.invocation.InterceptedInvocation.callRealMethod(InterceptedInvocation.java:127)
21:41:48.479 Explorer: org.mockito.internal.stubbing.answers.CallsRealMethods.answer(CallsRealMethods.java:43)
21:41:48.479 Explorer: org.mockito.Answers.answer(Answers.java:100)
21:41:48.479 Explorer: org.mockito.internal.handler.MockHandlerImpl.handle(MockHandlerImpl.java:104)
21:41:48.479 Explorer: org.mockito.internal.handler.NullResultGuardian.handle(NullResultGuardian.java:29)
21:41:48.479 Explorer: org.mockito.internal.handler.InvocationNotifierHandler.handle(InvocationNotifierHandler.java:35)
21:41:48.479 Explorer: org.mockito.internal.creation.bytebuddy.MockMethodInterceptor.doIntercept(MockMethodInterceptor.java:63)
21:41:48.479 Explorer: org.mockito.internal.creation.bytebuddy.MockMethodInterceptor.doIntercept(MockMethodInterceptor.java:49)
21:41:48.479 Explorer: org.mockito.internal.creation.bytebuddy.MockMethodInterceptor$DispatcherDefaultingToRealMethod.interceptSuperCallable(MockMethodInterceptor.java:110)
21:41:48.479 Explorer: fr.unice.polytech.si3.qgl.isg.Explorer$MockitoMock$269727228.acknowledgeResults(Unknown Source)
21:41:48.479 Explorer: fr.unice.polytech.si3.qgl.isg.ExplorerTest.basicExplorer(ExplorerTest.java:20)
21:41:48.479 Explorer: sun.reflect.NativeMethodAccessorImpl.invoke0(java.base@9-internal/Native Method)
21:41:48.479 Explorer: sun.reflect.NativeMethodAccessorImpl.invoke(java.base@9-internal/NativeMethodAccessorImpl.java:62)
21:41:48.480 Explorer: sun.reflect.DelegatingMethodAccessorImpl.invoke(java.base@9-internal/DelegatingMethodAccessorImpl.java:43)
21:41:48.480 Explorer: java.lang.reflect.Method.invoke(java.base@9-internal/Method.java:531)
21:41:48.480 Explorer: org.junit.runners.model.FrameworkMethod$1.runReflectiveCall(FrameworkMethod.java:50)
21:41:48.480 Explorer: org.junit.internal.runners.model.ReflectiveCallable.run(ReflectiveCallable.java:12)
21:41:48.480 Explorer: org.junit.runners.model.FrameworkMethod.invokeExplosively(FrameworkMethod.java:47)
21:41:48.480 Explorer: org.junit.internal.runners.statements.InvokeMethod.evaluate(InvokeMethod.java:17)
21:41:48.480 Explorer: org.junit.runners.ParentRunner.runLeaf(ParentRunner.java:325)
21:41:48.480 Explorer: org.junit.runners.BlockJUnit4ClassRunner.runChild(BlockJUnit4ClassRunner.java:78)
21:41:48.480 Explorer: org.junit.runners.BlockJUnit4ClassRunner.runChild(BlockJUnit4ClassRunner.java:57)
21:41:48.480 Explorer: org.junit.runners.ParentRunner$3.run(ParentRunner.java:290)
21:41:48.480 Explorer: org.junit.runners.ParentRunner$1.schedule(ParentRunner.java:71)
21:41:48.480 Explorer: org.junit.runners.ParentRunner.runChildren(ParentRunner.java:288)
21:41:48.480 Explorer: org.junit.runners.ParentRunner.access$000(ParentRunner.java:58)
21:41:48.480 Explorer: org.junit.runners.ParentRunner$2.evaluate(ParentRunner.java:268)
21:41:48.480 Explorer: org.junit.runners.ParentRunner.run(ParentRunner.java:363)
21:41:48.480 Explorer: org.apache.maven.surefire.junit4.JUnit4Provider.execute(JUnit4Provider.java:264)
21:41:48.480 Explorer: org.apache.maven.surefire.junit4.JUnit4Provider.executeTestSet(JUnit4Provider.java:153)
21:41:48.480 Explorer: org.apache.maven.surefire.junit4.JUnit4Provider.invoke(JUnit4Provider.java:124)
21:41:48.481 Explorer: org.apache.maven.surefire.booter.ForkedBooter.invokeProviderInSameClassLoader(ForkedBooter.java:200)
21:41:48.481 Explorer: org.apache.maven.surefire.booter.ForkedBooter.runSuitesInProcess(ForkedBooter.java:153)
21:41:48.481 Explorer: org.apache.maven.surefire.booter.ForkedBooter.main(ForkedBooter.java:103)
21:41:48.511 Explorer: Error while computing nearestFromCell: java.lang.IndexOutOfBoundsException: Indexed access out of bounds: 0, 0
21:41:48.511 Explorer: No more adjacent while sorting the CellZone, sailors will need to walk.
21:41:48.512 Explorer: Error while computing nearestFromCell: java.lang.IndexOutOfBoundsException: Indexed access out of bounds: 0, 0
21:41:48.512 Explorer: cellZone or creek is empty
21:41:48.513 Explorer: Error while computing nearestFromCell: java.lang.IndexOutOfBoundsException: Indexed access out of bounds: 0, 0
21:41:48.513 Explorer: No more adjacent while sorting the CellZone, sailors will need to walk.
21:41:48.516 Explorer: Error in creekWithAllResourcesNeededAroundjava.util.NoSuchElementException
21:41:48.520 Explorer: Error while computing nearestFromCell: java.lang.IndexOutOfBoundsException: Indexed access out of bounds: 0, 0
21:41:48.523 Explorer: Error in creekWithAllResourcesNeededAroundjava.util.NoSuchElementException
21:41:48.586 Explorer: Every subPosition of this Cell is visited.
21:41:48.588 Explorer: Every subPosition of this Cell is visited.
