11:32:00.597 Report: Explorer compute time : 60 milliseconds
11:32:00.597 Report: Coefficient budget : 0
11:32:00.597 Report: Budget : 10000/10000
11:32:00.597 Report: 
11:32:00.597 Report: Goals : 0/2
11:32:00.597 Report: Uncompleted goals : 
11:32:00.597 Report: Goal : WOOD, amount : 600
11:32:00.601 Report: Goal : GLASS, amount : 200
11:32:00.601 Report: Impossible goals : None
11:32:00.601 Report: Completed goals : None
11:32:00.601 Report: 
11:32:00.601 Report: Sailors inventory :
11:32:00.605 Report: 
11:32:00.605 Report: Emergency site : No site found.
11:32:00.605 Report: Nearest creek : No creek found near the site.
11:32:00.605 Report: All creeks found : 
11:32:00.605 Report: 
11:32:00.605 Report: Estimated resources : 
11:32:00.609 Report: FISH : 0
11:32:00.609 Report: FLOWER : 0
11:32:00.609 Report: FRUITS : 0
11:32:00.609 Report: FUR : 0
11:32:00.609 Report: ORE : 0
11:32:00.609 Report: QUARTZ : 0
11:32:00.609 Report: SUGAR_CANE : 0
11:32:00.609 Report: WOOD : 0
11:32:00.609 Report: 
11:32:00.609 Report: Resources needed : 
11:32:00.613 Report: QUARTZ : 2210
11:32:00.613 Report: WOOD : 1705
